0 info it worked if it ends with ok
1 verbose cli [ '/home/phani/.nvm/versions/node/v5.0.0/bin/node',
1 verbose cli   '/home/phani/.nvm/versions/node/v5.0.0/bin/npm',
1 verbose cli   'run',
1 verbose cli   'babel' ]
2 info using npm@3.3.6
3 info using node@v5.0.0
4 verbose run-script [ 'prebabel', 'babel', 'postbabel' ]
5 info lifecycle emac@1.0.0~prebabel: emac@1.0.0
6 silly lifecycle emac@1.0.0~prebabel: no script for prebabel, continuing
7 info lifecycle emac@1.0.0~babel: emac@1.0.0
8 verbose lifecycle emac@1.0.0~babel: unsafe-perm in lifecycle true
9 verbose lifecycle emac@1.0.0~babel: PATH: /home/phani/.nvm/versions/node/v5.0.0/lib/node_modules/npm/bin/node-gyp-bin:/home/phani/es6/EMACS6/node_modules/.bin:/home/phani/.nvm/versions/node/v5.0.0/bin:/home/phani/bin:/home/phani/.local/bin:/usr/local/sbin:/usr/local/bin:/usr/sbin:/usr/bin:/sbin:/bin:/usr/games:/usr/local/games:/snap/bin
10 verbose lifecycle emac@1.0.0~babel: CWD: /home/phani/es6/EMACS6
11 silly lifecycle emac@1.0.0~babel: Args: [ '-c',
11 silly lifecycle   'babel --preset es2015 js/main.js -o  build/main.bundle.js' ]
12 silly lifecycle emac@1.0.0~babel: Returned: code: 1  signal: null
13 info lifecycle emac@1.0.0~babel: Failed to exec babel script
14 verbose stack Error: emac@1.0.0 babel: `babel --preset es2015 js/main.js -o  build/main.bundle.js`
14 verbose stack Exit status 1
14 verbose stack     at EventEmitter.<anonymous> (/home/phani/.nvm/versions/node/v5.0.0/lib/node_modules/npm/lib/utils/lifecycle.js:233:16)
14 verbose stack     at emitTwo (events.js:87:13)
14 verbose stack     at EventEmitter.emit (events.js:172:7)
14 verbose stack     at ChildProcess.<anonymous> (/home/phani/.nvm/versions/node/v5.0.0/lib/node_modules/npm/lib/utils/spawn.js:24:14)
14 verbose stack     at emitTwo (events.js:87:13)
14 verbose stack     at ChildProcess.emit (events.js:172:7)
14 verbose stack     at maybeClose (internal/child_process.js:818:16)
14 verbose stack     at Process.ChildProcess._handle.onexit (internal/child_process.js:211:5)
15 verbose pkgid emac@1.0.0
16 verbose cwd /home/phani/es6/EMACS6/js
17 error Linux 4.8.0-37-generic
18 error argv "/home/phani/.nvm/versions/node/v5.0.0/bin/node" "/home/phani/.nvm/versions/node/v5.0.0/bin/npm" "run" "babel"
19 error node v5.0.0
20 error npm  v3.3.6
21 error code ELIFECYCLE
22 error emac@1.0.0 babel: `babel --preset es2015 js/main.js -o  build/main.bundle.js`
22 error Exit status 1
23 error Failed at the emac@1.0.0 babel script 'babel --preset es2015 js/main.js -o  build/main.bundle.js'.
23 error This is most likely a problem with the emac package,
23 error not with npm itself.
23 error Tell the author that this fails on your system:
23 error     babel --preset es2015 js/main.js -o  build/main.bundle.js
23 error You can get their info via:
23 error     npm owner ls emac
23 error There is likely additional logging output above.
24 verbose exit [ 1, true ]
